0 verbose cli [ '/usr/bin/node', '/usr/bin/npm', 'install', '-g', 'n' ]
1 info using npm@8.5.1
2 info using node@v12.22.9
3 timing npm:load:whichnode Completed in 1ms
4 timing config:load:defaults Completed in 7ms
5 timing config:load:file:/usr/share/nodejs/npm/npmrc Completed in 8ms
6 timing config:load:builtin Completed in 8ms
7 timing config:load:cli Completed in 4ms
8 timing config:load:env Completed in 1ms
9 timing config:load:project Completed in 13ms
10 timing config:load:file:/home/limonin/.npmrc Completed in 1ms
11 timing config:load:user Completed in 1ms
12 timing config:load:file:/etc/npmrc Completed in 1ms
13 timing config:load:global Completed in 1ms
14 timing config:load:validate Completed in 0ms
15 timing config:load:credentials Completed in 12ms
16 timing config:load:setEnvs Completed in 2ms
17 timing config:load Completed in 51ms
18 timing npm:load:configload Completed in 51ms
19 timing npm:load:setTitle Completed in 8ms
20 timing config:load:flatten Completed in 9ms
21 timing npm:load:display Completed in 25ms
22 verbose logfile /home/limonin/.npm/_logs/2024-05-10T23_08_51_966Z-debug-0.log
23 timing npm:load:logFile Completed in 24ms
24 timing npm:load:timers Completed in 1ms
25 timing npm:load:configScope Completed in 0ms
26 timing npm:load Completed in 113ms
27 timing arborist:ctor Completed in 2ms
28 timing idealTree:init Completed in 11ms
29 timing idealTree:userRequests Completed in 14ms
30 silly idealTree buildDeps
31 silly fetch manifest n@*
32 http fetch GET 200 https://registry.npmjs.org/n 3953ms (cache miss)
33 silly placeDep ROOT n@9.2.3 OK for:  want: *
34 timing idealTree:#root Completed in 3991ms
35 timing idealTree:node_modules/n Completed in 0ms
36 timing idealTree:buildDeps Completed in 3996ms
37 timing idealTree:fixDepFlags Completed in 2ms
38 timing idealTree Completed in 4029ms
39 timing reify:loadTrees Completed in 4036ms
40 timing reify:diffTrees Completed in 2ms
41 silly reify moves {}
42 timing reify:retireShallow Completed in 1ms
43 timing reify:rollback:createSparse Completed in 0ms
44 timing reify:rollback:retireShallow Completed in 0ms
45 timing command:install Completed in 4092ms
46 verbose stack Error: EACCES: permission denied, mkdir '/usr/local/lib/node_modules'
47 verbose cwd /home/limonin
48 verbose Linux 5.15.146.1-microsoft-standard-WSL2
49 verbose argv "/usr/bin/node" "/usr/bin/npm" "install" "-g" "n"
50 verbose node v12.22.9
51 verbose npm  v8.5.1
52 error code EACCES
53 error syscall mkdir
54 error path /usr/local/lib/node_modules
55 error errno -13
56 error [Error: EACCES: permission denied, mkdir '/usr/local/lib/node_modules'] {
56 error   errno: -13,
56 error   code: 'EACCES',
56 error   syscall: 'mkdir',
56 error   path: '/usr/local/lib/node_modules'
56 error }
57 error
57 error The operation was rejected by your operating system.
57 error It is likely you do not have the permissions to access this file as the current user
57 error
57 error If you believe this might be a permissions issue, please double-check the
57 error permissions of the file and its containing directories, or try running
57 error the command again as root/Administrator.
58 verbose exit -13
59 timing npm Completed in 4728ms
60 verbose unfinished npm timer reify 1715382532589
61 verbose unfinished npm timer reify:createSparse 1715382536671
62 verbose code -13
63 error A complete log of this run can be found in:
63 error     /home/limonin/.npm/_logs/2024-05-10T23_08_51_966Z-debug-0.log
