2024-05-14 19:49:58.211 [info] Log level: Info
2024-05-14 19:49:58.211 [info] Validating found git in: "git"
2024-05-14 19:49:58.211 [info] Using git "2.34.1" from "git"
2024-05-14 19:49:58.211 [info] > git rev-parse --show-toplevel [247ms]
2024-05-14 19:49:58.211 [info] fatal: not a git repository (or any of the parent directories): .git
2024-05-14 19:49:58.211 [info] > git rev-parse --show-toplevel [28ms]
2024-05-14 19:49:58.212 [info] fatal: not a git repository (or any of the parent directories): .git
2024-05-14 19:49:58.212 [info] > git rev-parse --show-toplevel [2ms]
2024-05-14 19:49:58.212 [info] fatal: not a git repository (or any of the parent directories): .git
2024-05-14 20:30:26.246 [info] > git rev-parse --show-toplevel [2ms]
2024-05-14 20:30:26.258 [info] > git rev-parse --git-dir --git-common-dir [2ms]
2024-05-14 20:30:26.282 [info] Open repository: /home/limonin
2024-05-14 20:30:26.308 [info] No remotes found in the git config file.
2024-05-14 20:30:26.311 [info] > git config --get commit.template [15ms]
2024-05-14 20:30:26.313 [info] > git for-each-ref --format=%(refname)%00%(upstream:short)%00%(objectname)%00%(upstream:track)%00%(upstream:remotename)%00%(upstream:remoteref) refs/heads/master refs/remotes/master [9ms]
2024-05-14 20:30:26.314 [warning] No such branch: master.
2024-05-14 20:30:26.610 [info] > git show --textconv :web.html [11ms]
2024-05-14 20:30:26.613 [info] > git ls-files --stage -- /home/limonin/web.html [6ms]
2024-05-14 20:30:26.777 [info] > git status -z -uall [455ms]
2024-05-14 20:30:26.921 [info] > git check-ignore -v -z --stdin [14ms]
2024-05-14 20:30:27.777 [info] > git config --get commit.template [858ms]
2024-05-14 20:30:27.885 [info] No remotes found in the git config file.
2024-05-14 20:30:27.886 [info] > git for-each-ref --format=%(refname)%00%(upstream:short)%00%(objectname)%00%(upstream:track)%00%(upstream:remotename)%00%(upstream:remoteref) refs/heads/master refs/remotes/master [25ms]
2024-05-14 20:30:27.887 [warning] No such branch: master.
2024-05-14 20:30:28.029 [info] > git status -z -uall [101ms]
2024-05-14 20:31:45.594 [info] No remotes found in the git config file.
2024-05-14 20:31:45.601 [info] > git config --get commit.template [22ms]
2024-05-14 20:31:45.602 [info] > git for-each-ref --format=%(refname)%00%(upstream:short)%00%(objectname)%00%(upstream:track)%00%(upstream:remotename)%00%(upstream:remoteref) refs/heads/master refs/remotes/master [8ms]
2024-05-14 20:31:45.602 [warning] No such branch: master.
2024-05-14 20:31:45.828 [info] > git status -z -uall [206ms]
2024-05-14 20:40:22.422 [info] > git config --get commit.template [3ms]
2024-05-14 20:40:22.433 [info] No remotes found in the git config file.
2024-05-14 20:40:22.435 [info] > git for-each-ref --format=%(refname)%00%(upstream:short)%00%(objectname)%00%(upstream:track)%00%(upstream:remotename)%00%(upstream:remoteref) refs/heads/master refs/remotes/master [2ms]
2024-05-14 20:40:22.436 [warning] No such branch: master.
2024-05-14 20:40:22.495 [info] > git ls-files --stage -- /home/limonin/web.html [5ms]
2024-05-14 20:40:22.514 [info] > git cat-file -s 86bfd1dc1d75168afd59aa07701da5153e92e2fc [2ms]
2024-05-14 20:40:22.555 [info] > git status -z -uall [93ms]
2024-05-14 20:40:22.555 [info] > git show --textconv :web.html [17ms]
2024-05-14 20:40:31.718 [info] > git check-ignore -v -z --stdin [4ms]
2024-05-14 20:41:06.109 [info] No remotes found in the git config file.
2024-05-14 20:41:06.111 [info] > git config --get commit.template [11ms]
2024-05-14 20:41:06.112 [info] > git for-each-ref --format=%(refname)%00%(upstream:short)%00%(objectname)%00%(upstream:track)%00%(upstream:remotename)%00%(upstream:remoteref) refs/heads/master refs/remotes/master [4ms]
2024-05-14 20:41:06.113 [warning] No such branch: master.
2024-05-14 20:41:06.175 [info] > git status -z -uall [54ms]
2024-05-14 20:53:02.937 [info] > git config --get commit.template [18ms]
2024-05-14 20:53:02.939 [info] > git for-each-ref --format=%(refname)%00%(upstream:short)%00%(objectname)%00%(upstream:track)%00%(upstream:remotename)%00%(upstream:remoteref) refs/heads/master refs/remotes/master [11ms]
2024-05-14 20:53:02.992 [info] > git ls-files --stage -- /home/limonin/web.html [5ms]
2024-05-14 20:53:03.015 [info] > git cat-file -s 86bfd1dc1d75168afd59aa07701da5153e92e2fc [4ms]
2024-05-14 20:53:03.027 [info] > git status -z -uall [74ms]
2024-05-14 20:53:03.169 [info] > git show --textconv :web.html [2ms]
2024-05-14 21:05:43.476 [info] > git config --get commit.template [12ms]
2024-05-14 21:05:43.487 [info] > git ls-files --stage -- /home/limonin/web.html [13ms]
2024-05-14 21:05:43.497 [info] > git for-each-ref --format=%(refname)%00%(upstream:short)%00%(objectname)%00%(upstream:track)%00%(upstream:remotename)%00%(upstream:remoteref) refs/heads/master refs/remotes/master [11ms]
2024-05-14 21:05:43.517 [info] > git cat-file -s 86bfd1dc1d75168afd59aa07701da5153e92e2fc [21ms]
2024-05-14 21:05:43.541 [info] > git show --textconv :web.html [5ms]
2024-05-14 21:05:43.560 [info] > git status -z -uall [44ms]
2024-05-14 21:05:52.646 [info] > git config --get commit.template [7ms]
2024-05-14 21:05:52.669 [info] > git for-each-ref --format=%(refname)%00%(upstream:short)%00%(objectname)%00%(upstream:track)%00%(upstream:remotename)%00%(upstream:remoteref) refs/heads/master refs/remotes/master [3ms]
2024-05-14 21:05:52.743 [info] > git status -z -uall [60ms]
2024-05-14 21:05:57.757 [info] > git config --get commit.template [2ms]
2024-05-14 21:05:57.766 [info] > git for-each-ref --format=%(refname)%00%(upstream:short)%00%(objectname)%00%(upstream:track)%00%(upstream:remotename)%00%(upstream:remoteref) refs/heads/master refs/remotes/master [1ms]
2024-05-14 21:05:57.809 [info] > git status -z -uall [37ms]
2024-05-14 21:06:02.829 [info] > git config --get commit.template [9ms]
2024-05-14 21:06:02.830 [info] > git for-each-ref --format=%(refname)%00%(upstream:short)%00%(objectname)%00%(upstream:track)%00%(upstream:remotename)%00%(upstream:remoteref) refs/heads/master refs/remotes/master [2ms]
2024-05-14 21:06:02.872 [info] > git status -z -uall [36ms]
2024-05-14 21:06:07.894 [info] > git config --get commit.template [9ms]
2024-05-14 21:06:07.895 [info] > git for-each-ref --format=%(refname)%00%(upstream:short)%00%(objectname)%00%(upstream:track)%00%(upstream:remotename)%00%(upstream:remoteref) refs/heads/master refs/remotes/master [4ms]
2024-05-14 21:06:07.954 [info] > git status -z -uall [53ms]
2024-05-14 21:06:12.975 [info] > git config --get commit.template [7ms]
2024-05-14 21:06:12.976 [info] > git for-each-ref --format=%(refname)%00%(upstream:short)%00%(objectname)%00%(upstream:track)%00%(upstream:remotename)%00%(upstream:remoteref) refs/heads/master refs/remotes/master [3ms]
2024-05-14 21:06:13.029 [info] > git status -z -uall [47ms]
2024-05-14 21:06:22.286 [info] > git config --get commit.template [17ms]
2024-05-14 21:06:22.290 [info] > git for-each-ref --format=%(refname)%00%(upstream:short)%00%(objectname)%00%(upstream:track)%00%(upstream:remotename)%00%(upstream:remoteref) refs/heads/master refs/remotes/master [10ms]
2024-05-14 21:06:22.347 [info] > git status -z -uall [46ms]
2024-05-14 21:06:27.365 [info] > git config --get commit.template [8ms]
2024-05-14 21:06:27.365 [info] > git for-each-ref --format=%(refname)%00%(upstream:short)%00%(objectname)%00%(upstream:track)%00%(upstream:remotename)%00%(upstream:remoteref) refs/heads/master refs/remotes/master [1ms]
2024-05-14 21:06:27.407 [info] > git status -z -uall [36ms]
2024-05-14 21:06:32.431 [info] > git config --get commit.template [10ms]
2024-05-14 21:06:32.431 [info] > git for-each-ref --format=%(refname)%00%(upstream:short)%00%(objectname)%00%(upstream:track)%00%(upstream:remotename)%00%(upstream:remoteref) refs/heads/master refs/remotes/master [2ms]
2024-05-14 21:06:32.510 [info] > git status -z -uall [46ms]
